<?xml version="1.0" encoding="UTF-8"?>
<!-- Generated by org.testng.reporters.JUnitXMLReporter -->
<testsuite hostname="AMMANKURICHIPUPSCHOOL" ignored="0" name="JPetStore_Flow_Scenario" tests="4" failures="0" timestamp="05 Aug 2023 07:14:55 GMT" time="20.595" errors="0">
  <testcase name="pageLoad" time="12.204" classname="testNGFramework.JPetStore"/>
  <testcase name="userInfo" time="0.917" classname="testNGFramework.JPetStore"/>
  <testcase name="accountInfo" time="5.228" classname="testNGFramework.JPetStore"/>
  <testcase name="profileInfo" time="1.982" classname="testNGFramework.JPetStore"/>
</testsuite> <!-- JPetStore_Flow_Scenario -->
