<?xml version="1.0" encoding="UTF-8"?>
<!-- Generated by org.testng.reporters.JUnitXMLReporter -->
<testsuite hostname="AMMANKURICHIPUPSCHOOL" ignored="0" name="Formy_Flow" tests="4" failures="0" timestamp="05 Aug 2023 16:19:48 GMT" time="45.104" errors="0">
  <testcase name="a_pageload" time="42.497" classname="testNGFramework.Formy"/>
  <testcase name="b_nameinfo" time="1.002" classname="testNGFramework.Formy"/>
  <testcase name="c_buttoninfo" time="0.757" classname="testNGFramework.Formy"/>
  <testcase name="d_submitinfo" time="0.785" classname="testNGFramework.Formy"/>
</testsuite> <!-- Formy_Flow -->
