<?xml version="1.0" encoding="UTF-8"?>
<!-- Generated by org.testng.reporters.JUnitXMLReporter -->
<testsuite hostname="AMMANKURICHIPUPSCHOOL" ignored="0" name="Swaglabs_Flow" tests="3" failures="0" timestamp="05 Aug 2023 16:21:43 GMT" time="13.613" errors="0">
  <testcase name="pageLoad" time="7.804" classname="testNGFramework.SwagLabs"/>
  <testcase name="loginInfo" time="3.225" classname="testNGFramework.SwagLabs"/>
  <testcase name="logoutInfo" time="2.528" classname="testNGFramework.SwagLabs"/>
</testsuite> <!-- Swaglabs_Flow -->
