<?xml version="1.0" encoding="UTF-8"?>
<testng-results skipped="0" failed="0" ignored="0" total="1" passed="1">
  <reporter-output>
  </reporter-output>
  <suite name="Default suite" duration-ms="31337" started-at="2023-08-12T05:19:03Z" finished-at="2023-08-12T05:19:34Z">
    <groups>
    </groups>
    <test name="Default test" duration-ms="31337" started-at="2023-08-12T05:19:03Z" finished-at="2023-08-12T05:19:34Z">
      <class name="testNGFramework.IFramesDemo">
        <test-method status="PASS" signature="a_Page_Load()[pri:0, instance:testNGFramework.IFramesDemo@57fffcd7]" name="a_Page_Load" duration-ms="31202" started-at="2023-08-12T10:49:03Z" finished-at="2023-08-12T10:49:34Z">
          <reporter-output>
          </reporter-output>
        </test-method> <!-- a_Page_Load -->
      </class> <!-- testNGFramework.IFramesDemo -->
    </test> <!-- Default test -->
  </suite> <!-- Default suite -->
</testng-results>
