<?xml version="1.0" encoding="UTF-8"?>
<!-- Generated by org.testng.reporters.JUnitXMLReporter -->
<testsuite hostname="AMMANKURICHIPUPSCHOOL" ignored="0" name="JPetStore_Registration_Flow" tests="4" failures="0" timestamp="05 Aug 2023 06:32:45 GMT" time="23.378" errors="0">
  <testcase name="pageLoad" time="14.569" classname="testNGFramework.JPetStore"/>
  <testcase name="userInfo" time="0.846" classname="testNGFramework.JPetStore"/>
  <testcase name="accountInfo" time="5.147" classname="testNGFramework.JPetStore"/>
  <testcase name="profileInfo" time="2.708" classname="testNGFramework.JPetStore"/>
</testsuite> <!-- JPetStore_Registration_Flow -->
