<?xml version="1.0" encoding="UTF-8"?>
<!-- Generated by org.testng.reporters.JUnitXMLReporter -->
<testsuite hostname="AMMANKURICHIPUPSCHOOL" ignored="0" name="SwagLabs_Login_Logout" tests="3" failures="0" timestamp="05 Aug 2023 06:41:58 GMT" time="19.755" errors="0">
  <testcase name="pageLoad" time="14.141" classname="testNGFramework.SwagLabs"/>
  <testcase name="loginInfo" time="3.164" classname="testNGFramework.SwagLabs"/>
  <testcase name="logoutInfo" time="2.356" classname="testNGFramework.SwagLabs"/>
</testsuite> <!-- SwagLabs_Login_Logout -->
